# JRE version: OpenJDK Runtime Environment Temurin-21.0.8+9 (21.0.8+9) (build 21.0.8+9-LTS)
# Java VM: OpenJDK 64-Bit Server VM Temurin-21.0.8+9 (21.0.8+9-LTS, mixed mode, sharing, tiered, compressed oops, compressed class ptrs, parallel gc, windows-amd64)
GC Precious Log:
 CardTable entry size: 512
 CPUs: 12 total, 12 available
 Memory: 7893M
 Large Page Support: Disabled
 NUMA Support: Disabled
 Compressed Oops: Enabled (32-bit)
 Alignments: Space 512K, Generation 512K, Heap 2M
 Heap Min Capacity: 100M
 Heap Initial Capacity: 100M
 Heap Max Capacity: 2G
 Pre-touch: Disabled
 Parallel Workers: 10
Heap:
 PSYoungGen      total 8192K, used 6957K [0x00000000d5580000, 0x00000000d5f00000, 0x0000000100000000)
  eden space 7680K, 87% used [0x00000000d5580000,0x00000000d5c135d0,0x00000000d5d00000)
  from space 512K, 43% used [0x00000000d5d00000,0x00000000d5d38000,0x00000000d5d80000)
  to   space 1024K, 0% used [0x00000000d5e00000,0x00000000d5e00000,0x00000000d5f00000)
 ParOldGen       total 613376K, used 525653K [0x0000000080000000, 0x00000000a5700000, 0x00000000d5580000)
  object space 613376K, 85% used [0x0000000080000000,0x00000000a0155650,0x00000000a5700000)
 Metaspace       used 69267K, committed 70912K, reserved 1114112K
  class space    used 7137K, committed 7872K, reserved 1048576K
GC Heap History (20 events):
Event: 3735.985 GC heap before
{Heap before GC invocations=1521 (full 3):
 PSYoungGen      total 8704K, used 8171K [0x00000000d5580000, 0x00000000d5f00000, 0x0000000100000000)
  eden space 7680K, 100% used [0x00000000d5580000,0x00000000d5d00000,0x00000000d5d00000)
  from space 1024K, 48% used [0x00000000d5d00000,0x00000000d5d7afb0,0x00000000d5e00000)
  to   space 1024K, 0% used [0x00000000d5e00000,0x00000000d5e00000,0x00000000d5f00000)
 ParOldGen       total 613376K, used 519220K [0x0000000080000000, 0x00000000a5700000, 0x00000000d5580000)
  object space 613376K, 84% used [0x0000000080000000,0x000000009fb0d2e8,0x00000000a5700000)
 Metaspace       used 69052K, committed 70784K, reserved 1114112K
  class space    used 7111K, committed 7872K, reserved 1048576K
}
Event: 3735.988 GC heap after
{Heap after GC invocations=1521 (full 3):
 PSYoungGen      total 8704K, used 635K [0x00000000d5580000, 0x00000000d5f00000, 0x0000000100000000)
  eden space 7680K, 0% used [0x00000000d5580000,0x00000000d5580000,0x00000000d5d00000)
  from space 1024K, 62% used [0x00000000d5e00000,0x00000000d5e9efc0,0x00000000d5f00000)
  to   space 1024K, 0% used [0x00000000d5d00000,0x00000000d5d00000,0x00000000d5e00000)
 ParOldGen       total 613376K, used 519496K [0x0000000080000000, 0x00000000a5700000, 0x00000000d5580000)
  object space 613376K, 84% used [0x0000000080000000,0x000000009fb522a0,0x00000000a5700000)
 Metaspace       used 69052K, committed 70784K, reserved 1114112K
  class space    used 7111K, committed 7872K, reserved 1048576K
}
Event: 3736.618 GC heap before
{Heap before GC invocations=1522 (full 3):
 PSYoungGen      total 8704K, used 8315K [0x00000000d5580000, 0x00000000d5f00000, 0x0000000100000000)
  eden space 7680K, 100% used [0x00000000d5580000,0x00000000d5d00000,0x00000000d5d00000)
  from space 1024K, 62% used [0x00000000d5e00000,0x00000000d5e9efc0,0x00000000d5f00000)
  to   space 1024K, 0% used [0x00000000d5d00000,0x00000000d5d00000,0x00000000d5e00000)
 ParOldGen       total 613376K, used 519496K [0x0000000080000000, 0x00000000a5700000, 0x00000000d5580000)
  object space 613376K, 84% used [0x0000000080000000,0x000000009fb522a0,0x00000000a5700000)
 Metaspace       used 69170K, committed 70848K, reserved 1114112K
  class space    used 7136K, committed 7872K, reserved 1048576K
}
Event: 3736.630 GC heap after
{Heap after GC invocations=1522 (full 3):
 PSYoungGen      total 8704K, used 1012K [0x00000000d5580000, 0x00000000d6300000, 0x0000000100000000)
  eden space 7680K, 0% used [0x00000000d5580000,0x00000000d5580000,0x00000000d5d00000)
  from space 1024K, 98% used [0x00000000d5d00000,0x00000000d5dfd200,0x00000000d5e00000)
  to   space 3072K, 0% used [0x00000000d6000000,0x00000000d6000000,0x00000000d6300000)
 ParOldGen       total 613376K, used 520774K [0x0000000080000000, 0x00000000a5700000, 0x00000000d5580000)
  object space 613376K, 84% used [0x0000000080000000,0x000000009fc91b90,0x00000000a5700000)
 Metaspace       used 69170K, committed 70848K, reserved 1114112K
  class space    used 7136K, committed 7872K, reserved 1048576K
}
Event: 3737.584 GC heap before
{Heap before GC invocations=1523 (full 3):
 PSYoungGen      total 8704K, used 8692K [0x00000000d5580000, 0x00000000d6300000, 0x0000000100000000)
  eden space 7680K, 100% used [0x00000000d5580000,0x00000000d5d00000,0x00000000d5d00000)
  from space 1024K, 98% used [0x00000000d5d00000,0x00000000d5dfd200,0x00000000d5e00000)
  to   space 3072K, 0% used [0x00000000d6000000,0x00000000d6000000,0x00000000d6300000)
 ParOldGen       total 613376K, used 520774K [0x0000000080000000, 0x00000000a5700000, 0x00000000d5580000)
  object space 613376K, 84% used [0x0000000080000000,0x000000009fc91b90,0x00000000a5700000)
 Metaspace       used 69183K, committed 70912K, reserved 1114112K
  class space    used 7136K, committed 7872K, reserved 1048576K
}
Event: 3737.598 GC heap after
{Heap after GC invocations=1523 (full 3):
 PSYoungGen      total 9728K, used 2015K [0x00000000d5580000, 0x00000000d6200000, 0x0000000100000000)
  eden space 7680K, 0% used [0x00000000d5580000,0x00000000d5580000,0x00000000d5d00000)
  from space 2048K, 98% used [0x00000000d6000000,0x00000000d61f7d60,0x00000000d6200000)
  to   space 2560K, 0% used [0x00000000d5d00000,0x00000000d5d00000,0x00000000d5f80000)
 ParOldGen       total 613376K, used 521831K [0x0000000080000000, 0x00000000a5700000, 0x00000000d5580000)
  object space 613376K, 85% used [0x0000000080000000,0x000000009fd99c60,0x00000000a5700000)
 Metaspace       used 69183K, committed 70912K, reserved 1114112K
  class space    used 7136K, committed 7872K, reserved 1048576K
}
Event: 3738.988 GC heap before
{Heap before GC invocations=1524 (full 3):
 PSYoungGen      total 9728K, used 9695K [0x00000000d5580000, 0x00000000d6200000, 0x0000000100000000)
  eden space 7680K, 100% used [0x00000000d5580000,0x00000000d5d00000,0x00000000d5d00000)
  from space 2048K, 98% used [0x00000000d6000000,0x00000000d61f7d60,0x00000000d6200000)
  to   space 2560K, 0% used [0x00000000d5d00000,0x00000000d5d00000,0x00000000d5f80000)
 ParOldGen       total 613376K, used 521831K [0x0000000080000000, 0x00000000a5700000, 0x00000000d5580000)
  object space 613376K, 85% used [0x0000000080000000,0x000000009fd99c60,0x00000000a5700000)
 Metaspace       used 69183K, committed 70912K, reserved 1114112K
  class space    used 7136K, committed 7872K, reserved 1048576K
}
Event: 3739.000 GC heap after
{Heap after GC invocations=1524 (full 3):
 PSYoungGen      total 8192K, used 458K [0x00000000d5580000, 0x00000000d6080000, 0x0000000100000000)
  eden space 7680K, 0% used [0x00000000d5580000,0x00000000d5580000,0x00000000d5d00000)
  from space 512K, 89% used [0x00000000d5d00000,0x00000000d5d728e0,0x00000000d5d80000)
  to   space 1536K, 0% used [0x00000000d5f00000,0x00000000d5f00000,0x00000000d6080000)
 ParOldGen       total 613376K, used 523686K [0x0000000080000000, 0x00000000a5700000, 0x00000000d5580000)
  object space 613376K, 85% used [0x0000000080000000,0x000000009ff699d0,0x00000000a5700000)
 Metaspace       used 69183K, committed 70912K, reserved 1114112K
  class space    used 7136K, committed 7872K, reserved 1048576K
}
Event: 3739.232 GC heap before
{Heap before GC invocations=1525 (full 3):
 PSYoungGen      total 8192K, used 8138K [0x00000000d5580000, 0x00000000d6080000, 0x0000000100000000)
  eden space 7680K, 100% used [0x00000000d5580000,0x00000000d5d00000,0x00000000d5d00000)
  from space 512K, 89% used [0x00000000d5d00000,0x00000000d5d728e0,0x00000000d5d80000)
  to   space 1536K, 0% used [0x00000000d5f00000,0x00000000d5f00000,0x00000000d6080000)
 ParOldGen       total 613376K, used 523686K [0x0000000080000000, 0x00000000a5700000, 0x00000000d5580000)
  object space 613376K, 85% used [0x0000000080000000,0x000000009ff699d0,0x00000000a5700000)
 Metaspace       used 69183K, committed 70912K, reserved 1114112K
  class space    used 7136K, committed 7872K, reserved 1048576K
}
Event: 3739.235 GC heap after
{Heap after GC invocations=1525 (full 3):
 PSYoungGen      total 8704K, used 598K [0x00000000d5580000, 0x00000000d6000000, 0x0000000100000000)
  eden space 7680K, 0% used [0x00000000d5580000,0x00000000d5580000,0x00000000d5d00000)
  from space 1024K, 58% used [0x00000000d5f00000,0x00000000d5f95b08,0x00000000d6000000)
  to   space 1024K, 0% used [0x00000000d5e00000,0x00000000d5e00000,0x00000000d5f00000)
 ParOldGen       total 613376K, used 523914K [0x0000000080000000, 0x00000000a5700000, 0x00000000d5580000)
  object space 613376K, 85% used [0x0000000080000000,0x000000009ffa2b78,0x00000000a5700000)
 Metaspace       used 69183K, committed 70912K, reserved 1114112K
  class space    used 7136K, committed 7872K, reserved 1048576K
}
Event: 3739.261 GC heap before
{Heap before GC invocations=1526 (full 3):
 PSYoungGen      total 8704K, used 8278K [0x00000000d5580000, 0x00000000d6000000, 0x0000000100000000)
  eden space 7680K, 100% used [0x00000000d5580000,0x00000000d5d00000,0x00000000d5d00000)
  from space 1024K, 58% used [0x00000000d5f00000,0x00000000d5f95b08,0x00000000d6000000)
  to   space 1024K, 0% used [0x00000000d5e00000,0x00000000d5e00000,0x00000000d5f00000)
 ParOldGen       total 613376K, used 523914K [0x0000000080000000, 0x00000000a5700000, 0x00000000d5580000)
  object space 613376K, 85% used [0x0000000080000000,0x000000009ffa2b78,0x00000000a5700000)
 Metaspace       used 69183K, committed 70912K, reserved 1114112K
  class space    used 7136K, committed 7872K, reserved 1048576K
}
Event: 3739.264 GC heap after
{Heap after GC invocations=1526 (full 3):
 PSYoungGen      total 8192K, used 468K [0x00000000d5580000, 0x00000000d5f80000, 0x0000000100000000)
  eden space 7680K, 0% used [0x00000000d5580000,0x00000000d5580000,0x00000000d5d00000)
  from space 512K, 91% used [0x00000000d5e00000,0x00000000d5e75200,0x00000000d5e80000)
  to   space 1024K, 0% used [0x00000000d5e80000,0x00000000d5e80000,0x00000000d5f80000)
 ParOldGen       total 613376K, used 524188K [0x0000000080000000, 0x00000000a5700000, 0x00000000d5580000)
  object space 613376K, 85% used [0x0000000080000000,0x000000009ffe7240,0x00000000a5700000)
 Metaspace       used 69183K, committed 70912K, reserved 1114112K
  class space    used 7136K, committed 7872K, reserved 1048576K
}
Event: 3739.282 GC heap before
{Heap before GC invocations=1527 (full 3):
 PSYoungGen      total 8192K, used 8148K [0x00000000d5580000, 0x00000000d5f80000, 0x0000000100000000)
  eden space 7680K, 100% used [0x00000000d5580000,0x00000000d5d00000,0x00000000d5d00000)
  from space 512K, 91% used [0x00000000d5e00000,0x00000000d5e75200,0x00000000d5e80000)
  to   space 1024K, 0% used [0x00000000d5e80000,0x00000000d5e80000,0x00000000d5f80000)
 ParOldGen       total 613376K, used 524188K [0x0000000080000000, 0x00000000a5700000, 0x00000000d5580000)
  object space 613376K, 85% used [0x0000000080000000,0x000000009ffe7240,0x00000000a5700000)
 Metaspace       used 69183K, committed 70912K, reserved 1114112K
  class space    used 7136K, committed 7872K, reserved 1048576K
}
Event: 3739.284 GC heap after
{Heap after GC invocations=1527 (full 3):
 PSYoungGen      total 8192K, used 352K [0x00000000d5580000, 0x00000000d5f00000, 0x0000000100000000)
  eden space 7680K, 0% used [0x00000000d5580000,0x00000000d5580000,0x00000000d5d00000)
  from space 512K, 68% used [0x00000000d5e80000,0x00000000d5ed8000,0x00000000d5f00000)
  to   space 512K, 0% used [0x00000000d5e00000,0x00000000d5e00000,0x00000000d5e80000)
 ParOldGen       total 613376K, used 524437K [0x0000000080000000, 0x00000000a5700000, 0x00000000d5580000)
  object space 613376K, 85% used [0x0000000080000000,0x00000000a0025640,0x00000000a5700000)
 Metaspace       used 69183K, committed 70912K, reserved 1114112K
  class space    used 7136K, committed 7872K, reserved 1048576K
}
Event: 3739.298 GC heap before
{Heap before GC invocations=1528 (full 3):
 PSYoungGen      total 8192K, used 8032K [0x00000000d5580000, 0x00000000d5f00000, 0x0000000100000000)
  eden space 7680K, 100% used [0x00000000d5580000,0x00000000d5d00000,0x00000000d5d00000)
  from space 512K, 68% used [0x00000000d5e80000,0x00000000d5ed8000,0x00000000d5f00000)
  to   space 512K, 0% used [0x00000000d5e00000,0x00000000d5e00000,0x00000000d5e80000)
 ParOldGen       total 613376K, used 524437K [0x0000000080000000, 0x00000000a5700000, 0x00000000d5580000)
  object space 613376K, 85% used [0x0000000080000000,0x00000000a0025640,0x00000000a5700000)
 Metaspace       used 69183K, committed 70912K, reserved 1114112K
  class space    used 7136K, committed 7872K, reserved 1048576K
}
Event: 3739.300 GC heap after
{Heap after GC invocations=1528 (full 3):
 PSYoungGen      total 8192K, used 384K [0x00000000d5580000, 0x00000000d5f00000, 0x0000000100000000)
  eden space 7680K, 0% used [0x00000000d5580000,0x00000000d5580000,0x00000000d5d00000)
  from space 512K, 75% used [0x00000000d5e00000,0x00000000d5e60000,0x00000000d5e80000)
  to   space 512K, 0% used [0x00000000d5e80000,0x00000000d5e80000,0x00000000d5f00000)
 ParOldGen       total 613376K, used 524605K [0x0000000080000000, 0x00000000a5700000, 0x00000000d5580000)
  object space 613376K, 85% used [0x0000000080000000,0x00000000a004f640,0x00000000a5700000)
 Metaspace       used 69183K, committed 70912K, reserved 1114112K
  class space    used 7136K, committed 7872K, reserved 1048576K
}
Event: 3840.718 GC heap before
{Heap before GC invocations=1529 (full 3):
 PSYoungGen      total 8192K, used 8064K [0x00000000d5580000, 0x00000000d5f00000, 0x0000000100000000)
  eden space 7680K, 100% used [0x00000000d5580000,0x00000000d5d00000,0x00000000d5d00000)
  from space 512K, 75% used [0x00000000d5e00000,0x00000000d5e60000,0x00000000d5e80000)
  to   space 512K, 0% used [0x00000000d5e80000,0x00000000d5e80000,0x00000000d5f00000)
 ParOldGen       total 613376K, used 524605K [0x0000000080000000, 0x00000000a5700000, 0x00000000d5580000)
  object space 613376K, 85% used [0x0000000080000000,0x00000000a004f640,0x00000000a5700000)
 Metaspace       used 69208K, committed 70912K, reserved 1114112K
  class space    used 7137K, committed 7872K, reserved 1048576K
}
Event: 3840.852 GC heap after
{Heap after GC invocations=1529 (full 3):
 PSYoungGen      total 8192K, used 512K [0x00000000d5580000, 0x00000000d6000000, 0x0000000100000000)
  eden space 7680K, 0% used [0x00000000d5580000,0x00000000d5580000,0x00000000d5d00000)
  from space 512K, 100% used [0x00000000d5e80000,0x00000000d5f00000,0x00000000d5f00000)
  to   space 1536K, 0% used [0x00000000d5d00000,0x00000000d5d00000,0x00000000d5e80000)
 ParOldGen       total 613376K, used 525181K [0x0000000080000000, 0x00000000a5700000, 0x00000000d5580000)
  object space 613376K, 85% used [0x0000000080000000,0x00000000a00df650,0x00000000a5700000)
 Metaspace       used 69208K, committed 70912K, reserved 1114112K
  class space    used 7137K, committed 7872K, reserved 1048576K
}
Event: 5980.045 GC heap before
{Heap before GC invocations=1530 (full 3):
 PSYoungGen      total 8192K, used 8192K [0x00000000d5580000, 0x00000000d6000000, 0x0000000100000000)
  eden space 7680K, 100% used [0x00000000d5580000,0x00000000d5d00000,0x00000000d5d00000)
  from space 512K, 100% used [0x00000000d5e80000,0x00000000d5f00000,0x00000000d5f00000)
  to   space 1536K, 0% used [0x00000000d5d00000,0x00000000d5d00000,0x00000000d5e80000)
 ParOldGen       total 613376K, used 525181K [0x0000000080000000, 0x00000000a5700000, 0x00000000d5580000)
  object space 613376K, 85% used [0x0000000080000000,0x00000000a00df650,0x00000000a5700000)
 Metaspace       used 69239K, committed 70912K, reserved 1114112K
  class space    used 7137K, committed 7872K, reserved 1048576K
}
Event: 5980.304 GC heap after
{Heap after GC invocations=1530 (full 3):
 PSYoungGen      total 8192K, used 224K [0x00000000d5580000, 0x00000000d5f00000, 0x0000000100000000)
  eden space 7680K, 0% used [0x00000000d5580000,0x00000000d5580000,0x00000000d5d00000)
  from space 512K, 43% used [0x00000000d5d00000,0x00000000d5d38000,0x00000000d5d80000)
  to   space 1024K, 0% used [0x00000000d5e00000,0x00000000d5e00000,0x00000000d5f00000)
 ParOldGen       total 613376K, used 525653K [0x0000000080000000, 0x00000000a5700000, 0x00000000d5580000)
  object space 613376K, 85% used [0x0000000080000000,0x00000000a0155650,0x00000000a5700000)
 Metaspace       used 69239K, committed 70912K, reserved 1114112K
  class space    used 7137K, committed 7872K, reserved 1048576K
}

