# JRE version: OpenJDK Runtime Environment Temurin-21.0.8+9 (21.0.8+9) (build 21.0.8+9-LTS)
# Java VM: OpenJDK 64-Bit Server VM Temurin-21.0.8+9 (21.0.8+9-LTS, mixed mode, sharing, tiered, compressed oops, compressed class ptrs, parallel gc, windows-amd64)
GC Precious Log:
 CardTable entry size: 512
 CPUs: 4 total, 4 available
 Memory: 4001M
 Large Page Support: Disabled
 NUMA Support: Disabled
 Compressed Oops: Enabled (32-bit)
 Alignments: Space 512K, Generation 512K, Heap 2M
 Heap Min Capacity: 100M
 Heap Initial Capacity: 100M
 Heap Max Capacity: 2G
 Pre-touch: Disabled
 Parallel Workers: 4
Heap:
 PSYoungGen      total 6144K, used 4880K [0x00000000d5580000, 0x00000000d5c00000, 0x0000000100000000)
  eden space 5632K, 84% used [0x00000000d5580000,0x00000000d5a24200,0x00000000d5b00000)
  from space 512K, 25% used [0x00000000d5b80000,0x00000000d5ba0000,0x00000000d5c00000)
  to   space 512K, 0% used [0x00000000d5b00000,0x00000000d5b00000,0x00000000d5b80000)
 ParOldGen       total 737280K, used 234651K [0x0000000080000000, 0x00000000ad000000, 0x00000000d5580000)
  object space 737280K, 31% used [0x0000000080000000,0x000000008e526c20,0x00000000ad000000)
 Metaspace       used 77315K, committed 79040K, reserved 1179648K
  class space    used 8046K, committed 8832K, reserved 1048576K
GC Heap History (20 events):
Event: 1541.709 GC heap before
{Heap before GC invocations=1545 (full 4):
 PSYoungGen      total 3584K, used 3296K [0x00000000d5580000, 0x00000000d5a00000, 0x0000000100000000)
  eden space 3072K, 100% used [0x00000000d5580000,0x00000000d5880000,0x00000000d5880000)
  from space 512K, 43% used [0x00000000d5980000,0x00000000d59b8000,0x00000000d5a00000)
  to   space 512K, 0% used [0x00000000d5900000,0x00000000d5900000,0x00000000d5980000)
 ParOldGen       total 737280K, used 233730K [0x0000000080000000, 0x00000000ad000000, 0x00000000d5580000)
  object space 737280K, 31% used [0x0000000080000000,0x000000008e440a90,0x00000000ad000000)
 Metaspace       used 77284K, committed 79040K, reserved 1179648K
  class space    used 8046K, committed 8832K, reserved 1048576K
}
Event: 1541.802 GC heap after
{Heap after GC invocations=1545 (full 4):
 PSYoungGen      total 3584K, used 224K [0x00000000d5580000, 0x00000000d5a00000, 0x0000000100000000)
  eden space 3072K, 0% used [0x00000000d5580000,0x00000000d5580000,0x00000000d5880000)
  from space 512K, 43% used [0x00000000d5900000,0x00000000d5938000,0x00000000d5980000)
  to   space 512K, 0% used [0x00000000d5980000,0x00000000d5980000,0x00000000d5a00000)
 ParOldGen       total 737280K, used 233842K [0x0000000080000000, 0x00000000ad000000, 0x00000000d5580000)
  object space 737280K, 31% used [0x0000000080000000,0x000000008e45caa0,0x00000000ad000000)
 Metaspace       used 77284K, committed 79040K, reserved 1179648K
  class space    used 8046K, committed 8832K, reserved 1048576K
}
Event: 1545.179 GC heap before
{Heap before GC invocations=1546 (full 4):
 PSYoungGen      total 3584K, used 3296K [0x00000000d5580000, 0x00000000d5a00000, 0x0000000100000000)
  eden space 3072K, 100% used [0x00000000d5580000,0x00000000d5880000,0x00000000d5880000)
  from space 512K, 43% used [0x00000000d5900000,0x00000000d5938000,0x00000000d5980000)
  to   space 512K, 0% used [0x00000000d5980000,0x00000000d5980000,0x00000000d5a00000)
 ParOldGen       total 737280K, used 233842K [0x0000000080000000, 0x00000000ad000000, 0x00000000d5580000)
  object space 737280K, 31% used [0x0000000080000000,0x000000008e45caa0,0x00000000ad000000)
 Metaspace       used 77287K, committed 79040K, reserved 1179648K
  class space    used 8046K, committed 8832K, reserved 1048576K
}
Event: 1545.381 GC heap after
{Heap after GC invocations=1546 (full 4):
 PSYoungGen      total 3584K, used 320K [0x00000000d5580000, 0x00000000d5a00000, 0x0000000100000000)
  eden space 3072K, 0% used [0x00000000d5580000,0x00000000d5580000,0x00000000d5880000)
  from space 512K, 62% used [0x00000000d5980000,0x00000000d59d0078,0x00000000d5a00000)
  to   space 512K, 0% used [0x00000000d5900000,0x00000000d5900000,0x00000000d5980000)
 ParOldGen       total 737280K, used 234002K [0x0000000080000000, 0x00000000ad000000, 0x00000000d5580000)
  object space 737280K, 31% used [0x0000000080000000,0x000000008e484aa0,0x00000000ad000000)
 Metaspace       used 77287K, committed 79040K, reserved 1179648K
  class space    used 8046K, committed 8832K, reserved 1048576K
}
Event: 1548.410 GC heap before
{Heap before GC invocations=1547 (full 4):
 PSYoungGen      total 3584K, used 3392K [0x00000000d5580000, 0x00000000d5a00000, 0x0000000100000000)
  eden space 3072K, 100% used [0x00000000d5580000,0x00000000d5880000,0x00000000d5880000)
  from space 512K, 62% used [0x00000000d5980000,0x00000000d59d0078,0x00000000d5a00000)
  to   space 512K, 0% used [0x00000000d5900000,0x00000000d5900000,0x00000000d5980000)
 ParOldGen       total 737280K, used 234002K [0x0000000080000000, 0x00000000ad000000, 0x00000000d5580000)
  object space 737280K, 31% used [0x0000000080000000,0x000000008e484aa0,0x00000000ad000000)
 Metaspace       used 77289K, committed 79040K, reserved 1179648K
  class space    used 8046K, committed 8832K, reserved 1048576K
}
Event: 1551.123 GC heap after
{Heap after GC invocations=1547 (full 4):
 PSYoungGen      total 3584K, used 128K [0x00000000d5580000, 0x00000000d5a00000, 0x0000000100000000)
  eden space 3072K, 0% used [0x00000000d5580000,0x00000000d5580000,0x00000000d5880000)
  from space 512K, 25% used [0x00000000d5900000,0x00000000d5920000,0x00000000d5980000)
  to   space 512K, 0% used [0x00000000d5980000,0x00000000d5980000,0x00000000d5a00000)
 ParOldGen       total 737280K, used 234234K [0x0000000080000000, 0x00000000ad000000, 0x00000000d5580000)
  object space 737280K, 31% used [0x0000000080000000,0x000000008e4beb78,0x00000000ad000000)
 Metaspace       used 77289K, committed 79040K, reserved 1179648K
  class space    used 8046K, committed 8832K, reserved 1048576K
}
Event: 1551.352 GC heap before
{Heap before GC invocations=1548 (full 4):
 PSYoungGen      total 3584K, used 3200K [0x00000000d5580000, 0x00000000d5a00000, 0x0000000100000000)
  eden space 3072K, 100% used [0x00000000d5580000,0x00000000d5880000,0x00000000d5880000)
  from space 512K, 25% used [0x00000000d5900000,0x00000000d5920000,0x00000000d5980000)
  to   space 512K, 0% used [0x00000000d5980000,0x00000000d5980000,0x00000000d5a00000)
 ParOldGen       total 737280K, used 234234K [0x0000000080000000, 0x00000000ad000000, 0x00000000d5580000)
  object space 737280K, 31% used [0x0000000080000000,0x000000008e4beb78,0x00000000ad000000)
 Metaspace       used 77294K, committed 79040K, reserved 1179648K
  class space    used 8046K, committed 8832K, reserved 1048576K
}
Event: 1552.650 GC heap after
{Heap after GC invocations=1548 (full 4):
 PSYoungGen      total 4096K, used 128K [0x00000000d5580000, 0x00000000d5a80000, 0x0000000100000000)
  eden space 3584K, 0% used [0x00000000d5580000,0x00000000d5580000,0x00000000d5900000)
  from space 512K, 25% used [0x00000000d5980000,0x00000000d59a0000,0x00000000d5a00000)
  to   space 512K, 0% used [0x00000000d5900000,0x00000000d5900000,0x00000000d5980000)
 ParOldGen       total 737280K, used 234274K [0x0000000080000000, 0x00000000ad000000, 0x00000000d5580000)
  object space 737280K, 31% used [0x0000000080000000,0x000000008e4c8b78,0x00000000ad000000)
 Metaspace       used 77294K, committed 79040K, reserved 1179648K
  class space    used 8046K, committed 8832K, reserved 1048576K
}
Event: 1556.368 GC heap before
{Heap before GC invocations=1549 (full 4):
 PSYoungGen      total 4096K, used 3712K [0x00000000d5580000, 0x00000000d5a80000, 0x0000000100000000)
  eden space 3584K, 100% used [0x00000000d5580000,0x00000000d5900000,0x00000000d5900000)
  from space 512K, 25% used [0x00000000d5980000,0x00000000d59a0000,0x00000000d5a00000)
  to   space 512K, 0% used [0x00000000d5900000,0x00000000d5900000,0x00000000d5980000)
 ParOldGen       total 737280K, used 234274K [0x0000000080000000, 0x00000000ad000000, 0x00000000d5580000)
  object space 737280K, 31% used [0x0000000080000000,0x000000008e4c8b78,0x00000000ad000000)
 Metaspace       used 77296K, committed 79040K, reserved 1179648K
  class space    used 8046K, committed 8832K, reserved 1048576K
}
Event: 1556.934 GC heap after
{Heap after GC invocations=1549 (full 4):
 PSYoungGen      total 4096K, used 128K [0x00000000d5580000, 0x00000000d5b00000, 0x0000000100000000)
  eden space 3584K, 0% used [0x00000000d5580000,0x00000000d5580000,0x00000000d5900000)
  from space 512K, 25% used [0x00000000d5900000,0x00000000d5920000,0x00000000d5980000)
  to   space 512K, 0% used [0x00000000d5a80000,0x00000000d5a80000,0x00000000d5b00000)
 ParOldGen       total 737280K, used 234282K [0x0000000080000000, 0x00000000ad000000, 0x00000000d5580000)
  object space 737280K, 31% used [0x0000000080000000,0x000000008e4cab78,0x00000000ad000000)
 Metaspace       used 77296K, committed 79040K, reserved 1179648K
  class space    used 8046K, committed 8832K, reserved 1048576K
}
Event: 1559.789 GC heap before
{Heap before GC invocations=1550 (full 4):
 PSYoungGen      total 4096K, used 3712K [0x00000000d5580000, 0x00000000d5b00000, 0x0000000100000000)
  eden space 3584K, 100% used [0x00000000d5580000,0x00000000d5900000,0x00000000d5900000)
  from space 512K, 25% used [0x00000000d5900000,0x00000000d5920000,0x00000000d5980000)
  to   space 512K, 0% used [0x00000000d5a80000,0x00000000d5a80000,0x00000000d5b00000)
 ParOldGen       total 737280K, used 234282K [0x0000000080000000, 0x00000000ad000000, 0x00000000d5580000)
  object space 737280K, 31% used [0x0000000080000000,0x000000008e4cab78,0x00000000ad000000)
 Metaspace       used 77298K, committed 79040K, reserved 1179648K
  class space    used 8046K, committed 8832K, reserved 1048576K
}
Event: 1560.023 GC heap after
{Heap after GC invocations=1550 (full 4):
 PSYoungGen      total 5120K, used 128K [0x00000000d5580000, 0x00000000d5b00000, 0x0000000100000000)
  eden space 4608K, 0% used [0x00000000d5580000,0x00000000d5580000,0x00000000d5a00000)
  from space 512K, 25% used [0x00000000d5a80000,0x00000000d5aa0000,0x00000000d5b00000)
  to   space 512K, 0% used [0x00000000d5a00000,0x00000000d5a00000,0x00000000d5a80000)
 ParOldGen       total 737280K, used 234298K [0x0000000080000000, 0x00000000ad000000, 0x00000000d5580000)
  object space 737280K, 31% used [0x0000000080000000,0x000000008e4ceb78,0x00000000ad000000)
 Metaspace       used 77298K, committed 79040K, reserved 1179648K
  class space    used 8046K, committed 8832K, reserved 1048576K
}
Event: 1562.115 GC heap before
{Heap before GC invocations=1551 (full 4):
 PSYoungGen      total 5120K, used 4735K [0x00000000d5580000, 0x00000000d5b00000, 0x0000000100000000)
  eden space 4608K, 99% used [0x00000000d5580000,0x00000000d59fffc8,0x00000000d5a00000)
  from space 512K, 25% used [0x00000000d5a80000,0x00000000d5aa0000,0x00000000d5b00000)
  to   space 512K, 0% used [0x00000000d5a00000,0x00000000d5a00000,0x00000000d5a80000)
 ParOldGen       total 737280K, used 234298K [0x0000000080000000, 0x00000000ad000000, 0x00000000d5580000)
  object space 737280K, 31% used [0x0000000080000000,0x000000008e4ceb78,0x00000000ad000000)
 Metaspace       used 77304K, committed 79040K, reserved 1179648K
  class space    used 8046K, committed 8832K, reserved 1048576K
}
Event: 1562.263 GC heap after
{Heap after GC invocations=1551 (full 4):
 PSYoungGen      total 5120K, used 176K [0x00000000d5580000, 0x00000000d5b00000, 0x0000000100000000)
  eden space 4608K, 0% used [0x00000000d5580000,0x00000000d5580000,0x00000000d5a00000)
  from space 512K, 34% used [0x00000000d5a00000,0x00000000d5a2c020,0x00000000d5a80000)
  to   space 512K, 0% used [0x00000000d5a80000,0x00000000d5a80000,0x00000000d5b00000)
 ParOldGen       total 737280K, used 234314K [0x0000000080000000, 0x00000000ad000000, 0x00000000d5580000)
  object space 737280K, 31% used [0x0000000080000000,0x000000008e4d2b78,0x00000000ad000000)
 Metaspace       used 77304K, committed 79040K, reserved 1179648K
  class space    used 8046K, committed 8832K, reserved 1048576K
}
Event: 1565.713 GC heap before
{Heap before GC invocations=1552 (full 4):
 PSYoungGen      total 5120K, used 4784K [0x00000000d5580000, 0x00000000d5b00000, 0x0000000100000000)
  eden space 4608K, 100% used [0x00000000d5580000,0x00000000d5a00000,0x00000000d5a00000)
  from space 512K, 34% used [0x00000000d5a00000,0x00000000d5a2c020,0x00000000d5a80000)
  to   space 512K, 0% used [0x00000000d5a80000,0x00000000d5a80000,0x00000000d5b00000)
 ParOldGen       total 737280K, used 234314K [0x0000000080000000, 0x00000000ad000000, 0x00000000d5580000)
  object space 737280K, 31% used [0x0000000080000000,0x000000008e4d2b78,0x00000000ad000000)
 Metaspace       used 77308K, committed 79040K, reserved 1179648K
  class space    used 8046K, committed 8832K, reserved 1048576K
}
Event: 1565.916 GC heap after
{Heap after GC invocations=1552 (full 4):
 PSYoungGen      total 5120K, used 224K [0x00000000d5580000, 0x00000000d5b00000, 0x0000000100000000)
  eden space 4608K, 0% used [0x00000000d5580000,0x00000000d5580000,0x00000000d5a00000)
  from space 512K, 43% used [0x00000000d5a80000,0x00000000d5ab8030,0x00000000d5b00000)
  to   space 512K, 0% used [0x00000000d5a00000,0x00000000d5a00000,0x00000000d5a80000)
 ParOldGen       total 737280K, used 234378K [0x0000000080000000, 0x00000000ad000000, 0x00000000d5580000)
  object space 737280K, 31% used [0x0000000080000000,0x000000008e4e2bc0,0x00000000ad000000)
 Metaspace       used 77308K, committed 79040K, reserved 1179648K
  class space    used 8046K, committed 8832K, reserved 1048576K
}
Event: 1566.065 GC heap before
{Heap before GC invocations=1553 (full 4):
 PSYoungGen      total 5120K, used 4832K [0x00000000d5580000, 0x00000000d5b00000, 0x0000000100000000)
  eden space 4608K, 100% used [0x00000000d5580000,0x00000000d5a00000,0x00000000d5a00000)
  from space 512K, 43% used [0x00000000d5a80000,0x00000000d5ab8030,0x00000000d5b00000)
  to   space 512K, 0% used [0x00000000d5a00000,0x00000000d5a00000,0x00000000d5a80000)
 ParOldGen       total 737280K, used 234378K [0x0000000080000000, 0x00000000ad000000, 0x00000000d5580000)
  object space 737280K, 31% used [0x0000000080000000,0x000000008e4e2bc0,0x00000000ad000000)
 Metaspace       used 77309K, committed 79040K, reserved 1179648K
  class space    used 8046K, committed 8832K, reserved 1048576K
}
Event: 1566.233 GC heap after
{Heap after GC invocations=1553 (full 4):
 PSYoungGen      total 5120K, used 160K [0x00000000d5580000, 0x00000000d5c00000, 0x0000000100000000)
  eden space 4608K, 0% used [0x00000000d5580000,0x00000000d5580000,0x00000000d5a00000)
  from space 512K, 31% used [0x00000000d5a00000,0x00000000d5a28010,0x00000000d5a80000)
  to   space 512K, 0% used [0x00000000d5b80000,0x00000000d5b80000,0x00000000d5c00000)
 ParOldGen       total 737280K, used 234563K [0x0000000080000000, 0x00000000ad000000, 0x00000000d5580000)
  object space 737280K, 31% used [0x0000000080000000,0x000000008e510c00,0x00000000ad000000)
 Metaspace       used 77309K, committed 79040K, reserved 1179648K
  class space    used 8046K, committed 8832K, reserved 1048576K
}
Event: 1567.061 GC heap before
{Heap before GC invocations=1554 (full 4):
 PSYoungGen      total 5120K, used 4768K [0x00000000d5580000, 0x00000000d5c00000, 0x0000000100000000)
  eden space 4608K, 100% used [0x00000000d5580000,0x00000000d5a00000,0x00000000d5a00000)
  from space 512K, 31% used [0x00000000d5a00000,0x00000000d5a28010,0x00000000d5a80000)
  to   space 512K, 0% used [0x00000000d5b80000,0x00000000d5b80000,0x00000000d5c00000)
 ParOldGen       total 737280K, used 234563K [0x0000000080000000, 0x00000000ad000000, 0x00000000d5580000)
  object space 737280K, 31% used [0x0000000080000000,0x000000008e510c00,0x00000000ad000000)
 Metaspace       used 77312K, committed 79040K, reserved 1179648K
  class space    used 8046K, committed 8832K, reserved 1048576K
}
Event: 1567.298 GC heap after
{Heap after GC invocations=1554 (full 4):
 PSYoungGen      total 6144K, used 128K [0x00000000d5580000, 0x00000000d5c00000, 0x0000000100000000)
  eden space 5632K, 0% used [0x00000000d5580000,0x00000000d5580000,0x00000000d5b00000)
  from space 512K, 25% used [0x00000000d5b80000,0x00000000d5ba0000,0x00000000d5c00000)
  to   space 512K, 0% used [0x00000000d5b00000,0x00000000d5b00000,0x00000000d5b80000)
 ParOldGen       total 737280K, used 234651K [0x0000000080000000, 0x00000000ad000000, 0x00000000d5580000)
  object space 737280K, 31% used [0x0000000080000000,0x000000008e526c20,0x00000000ad000000)
 Metaspace       used 77312K, committed 79040K, reserved 1179648K
  class space    used 8046K, committed 8832K, reserved 1048576K
}

